C:\USERS\GMENEZES\DOCUMENTS\VISUAL STUDIO 2010\PROJECTS\CIS190_PROJECT\BUILD\DEBUG\CIS190_PROJECT.EXE
C:\USERS\GMENEZES\DOCUMENTS\VISUAL STUDIO 2010\PROJECTS\CIS190_PROJECT\BUILD\DEBUG\CIS190_PROJECT.ILK
C:\USERS\GMENEZES\DOCUMENTS\VISUAL STUDIO 2010\PROJECTS\CIS190_PROJECT\BUILD\DEBUG\CIS190_PROJECT.PDB
C:\USERS\GMENEZES\DOCUMENTS\VISUAL STUDIO 2010\PROJECTS\CIS190_PROJECT\BUILD\DEBUG\CIS190_PROJECT\CIS190_PROJECT.EXE.EMBED.MANIFEST
C:\USERS\GMENEZES\DOCUMENTS\VISUAL STUDIO 2010\PROJECTS\CIS190_PROJECT\BUILD\DEBUG\CIS190_PROJECT\CIS190_PROJECT.EXE.EMBED.MANIFEST.RES
C:\USERS\GMENEZES\DOCUMENTS\VISUAL STUDIO 2010\PROJECTS\CIS190_PROJECT\BUILD\DEBUG\CIS190_PROJECT\CIS190_PROJECT.EXE.INTERMEDIATE.MANIFEST
C:\USERS\GMENEZES\DOCUMENTS\VISUAL STUDIO 2010\PROJECTS\CIS190_PROJECT\BUILD\DEBUG\CIS190_PROJECT\CIS190_PROJECT.PCH
C:\Users\gmenezes\Documents\Visual Studio 2010\Projects\CIS190_Project\Build\Debug\CIS190_Project\CIS190_Project_manifest.rc
C:\Users\gmenezes\Documents\Visual Studio 2010\Projects\CIS190_Project\Build\Debug\CIS190_Project\CL.6480.read.1.tlog
C:\Users\gmenezes\Documents\Visual Studio 2010\Projects\CIS190_Project\Build\Debug\CIS190_Project\CL.6480.write.1.tlog
C:\Users\gmenezes\Documents\Visual Studio 2010\Projects\CIS190_Project\Build\Debug\CIS190_Project\CL.7152.read.1.tlog
C:\Users\gmenezes\Documents\Visual Studio 2010\Projects\CIS190_Project\Build\Debug\CIS190_Project\CL.7152.write.1.tlog
C:\Users\gmenezes\Documents\Visual Studio 2010\Projects\CIS190_Project\Build\Debug\CIS190_Project\CL.9024.read.1.tlog
C:\Users\gmenezes\Documents\Visual Studio 2010\Projects\CIS190_Project\Build\Debug\CIS190_Project\CL.9024.write.1.tlog
C:\Users\gmenezes\Documents\Visual Studio 2010\Projects\CIS190_Project\Build\Debug\CIS190_Project\CL.9356.read.1.tlog
C:\Users\gmenezes\Documents\Visual Studio 2010\Projects\CIS190_Project\Build\Debug\CIS190_Project\CL.9356.write.1.tlog
C:\Users\gmenezes\Documents\Visual Studio 2010\Projects\CIS190_Project\Build\Debug\CIS190_Project\CL.9488.read.1.tlog
C:\Users\gmenezes\Documents\Visual Studio 2010\Projects\CIS190_Project\Build\Debug\CIS190_Project\CL.9488.write.1.tlog
C:\Users\gmenezes\Documents\Visual Studio 2010\Projects\CIS190_Project\Build\Debug\CIS190_Project\CL.9784.read.1.tlog
C:\Users\gmenezes\Documents\Visual Studio 2010\Projects\CIS190_Project\Build\Debug\CIS190_Project\CL.9784.write.1.tlog
C:\Users\gmenezes\Documents\Visual Studio 2010\Projects\CIS190_Project\Build\Debug\CIS190_Project\cl.command.1.tlog
C:\Users\gmenezes\Documents\Visual Studio 2010\Projects\CIS190_Project\Build\Debug\CIS190_Project\CL.read.1.tlog
C:\Users\gmenezes\Documents\Visual Studio 2010\Projects\CIS190_Project\Build\Debug\CIS190_Project\CL.write.1.tlog
C:\Users\gmenezes\Documents\Visual Studio 2010\Projects\CIS190_Project\Build\Debug\CIS190_Project\link.6780.read.1.tlog
C:\Users\gmenezes\Documents\Visual Studio 2010\Projects\CIS190_Project\Build\Debug\CIS190_Project\link.6780.write.1.tlog
C:\Users\gmenezes\Documents\Visual Studio 2010\Projects\CIS190_Project\Build\Debug\CIS190_Project\link.6780-cvtres.read.1.tlog
C:\Users\gmenezes\Documents\Visual Studio 2010\Projects\CIS190_Project\Build\Debug\CIS190_Project\link.6780-cvtres.write.1.tlog
C:\Users\gmenezes\Documents\Visual Studio 2010\Projects\CIS190_Project\Build\Debug\CIS190_Project\link.command.1.tlog
C:\Users\gmenezes\Documents\Visual Studio 2010\Projects\CIS190_Project\Build\Debug\CIS190_Project\link.read.1.tlog
C:\Users\gmenezes\Documents\Visual Studio 2010\Projects\CIS190_Project\Build\Debug\CIS190_Project\link.write.1.tlog
C:\Users\gmenezes\Documents\Visual Studio 2010\Projects\CIS190_Project\Build\Debug\CIS190_Project\link-cvtres.read.1.tlog
C:\Users\gmenezes\Documents\Visual Studio 2010\Projects\CIS190_Project\Build\Debug\CIS190_Project\link-cvtres.write.1.tlog
C:\Users\gmenezes\Documents\Visual Studio 2010\Projects\CIS190_Project\Build\Debug\CIS190_Project\mt.command.1.tlog
C:\Users\gmenezes\Documents\Visual Studio 2010\Projects\CIS190_Project\Build\Debug\CIS190_Project\mt.read.1.tlog
C:\Users\gmenezes\Documents\Visual Studio 2010\Projects\CIS190_Project\Build\Debug\CIS190_Project\mt.write.1.tlog
C:\USERS\GMENEZES\DOCUMENTS\VISUAL STUDIO 2010\PROJECTS\CIS190_PROJECT\BUILD\DEBUG\CIS190_PROJECT\PRECOMP.OBJ
C:\USERS\GMENEZES\DOCUMENTS\VISUAL STUDIO 2010\PROJECTS\CIS190_PROJECT\BUILD\DEBUG\CIS190_PROJECT\PROGRAM.OBJ
C:\Users\gmenezes\Documents\Visual Studio 2010\Projects\CIS190_Project\Build\Debug\CIS190_Project\rc.command.1.tlog
C:\Users\gmenezes\Documents\Visual Studio 2010\Projects\CIS190_Project\Build\Debug\CIS190_Project\rc.read.1.tlog
C:\Users\gmenezes\Documents\Visual Studio 2010\Projects\CIS190_Project\Build\Debug\CIS190_Project\rc.write.1.tlog
